 * Finished epoch #   1     top1:  64.870  top5:  17.110
 * Finished epoch #   2     top1:  63.320  top5:  13.660
 * Finished epoch #   3     top1:  61.640  top5:  10.070
 * Finished epoch #   4     top1:  45.820  top5:   6.640
 * Finished epoch #   5     top1:  30.560  top5:   2.930
 * Finished epoch #   6     top1:  50.560  top5:   6.060
 * Finished epoch #   7     top1:  34.660  top5:   2.570
 * Finished epoch #   8     top1:  30.600  top5:   1.860
 * Finished epoch #   9     top1:  39.980  top5:   4.190
 * Finished epoch #  10     top1:  26.620  top5:   1.470
 * Finished epoch #  11     top1:  29.550  top5:   3.130
 * Finished epoch #  12     top1:  26.130  top5:   0.910
 * Finished epoch #  13     top1:  34.950  top5:   2.090
 * Finished epoch #  14     top1:  25.100  top5:   1.010
 * Finished epoch #  15     top1:  22.260  top5:   1.950
 * Finished epoch #  16     top1:  34.610  top5:   1.640
 * Finished epoch #  17     top1:  25.370  top5:   2.270
 * Finished epoch #  18     top1:  26.300  top5:   1.750
 * Finished epoch #  19     top1:  19.360  top5:   0.590
 * Finished epoch #  20     top1:  21.170  top5:   1.180
 * Finished epoch #  21     top1:  23.450  top5:   1.380
 * Finished epoch #  22     top1:  22.000  top5:   1.660
 * Finished epoch #  23     top1:  22.210  top5:   1.300
 * Finished epoch #  24     top1:  18.740  top5:   1.010
 * Finished epoch #  25     top1:  13.360  top5:   0.510
 * Finished epoch #  26     top1:  21.140  top5:   1.350
 * Finished epoch #  27     top1:  18.590  top5:   0.770
 * Finished epoch #  28     top1:  14.490  top5:   0.590
 * Finished epoch #  29     top1:  19.380  top5:   1.700
 * Finished epoch #  30     top1:  20.220  top5:   1.670
 * Finished epoch #  31     top1:  20.360  top5:   0.910
 * Finished epoch #  32     top1:  16.710  top5:   0.510
 * Finished epoch #  33     top1:  17.570  top5:   0.740
 * Finished epoch #  34     top1:  15.810  top5:   0.810
 * Finished epoch #  35     top1:  19.050  top5:   1.110
 * Finished epoch #  36     top1:  20.590  top5:   1.490
 * Finished epoch #  37     top1:  14.410  top5:   0.520
 * Finished epoch #  38     top1:  15.860  top5:   1.040
 * Finished epoch #  39     top1:  10.570  top5:   0.380
 * Finished epoch #  40     top1:  20.690  top5:   1.050
 * Finished epoch #  41     top1:  22.340  top5:   1.530
 * Finished epoch #  42     top1:  23.460  top5:   1.500
 * Finished epoch #  43     top1:  13.060  top5:   0.590
 * Finished epoch #  44     top1:  11.810  top5:   0.530
 * Finished epoch #  45     top1:  15.590  top5:   0.570
 * Finished epoch #  46     top1:  12.400  top5:   0.520
 * Finished epoch #  47     top1:  22.540  top5:   1.440
 * Finished epoch #  48     top1:  20.620  top5:   0.610
 * Finished epoch #  49     top1:  17.620  top5:   0.970
 * Finished epoch #  50     top1:  12.820  top5:   0.600
 * Finished epoch #  51     top1:  19.000  top5:   1.630
 * Finished epoch #  52     top1:  18.420  top5:   0.820
 * Finished epoch #  53     top1:  20.400  top5:   0.770
 * Finished epoch #  54     top1:  14.540  top5:   1.190
 * Finished epoch #  55     top1:  21.040  top5:   1.940
 * Finished epoch #  56     top1:  17.270  top5:   0.870
 * Finished epoch #  57     top1:  13.810  top5:   0.660
 * Finished epoch #  58     top1:  14.280  top5:   0.620
 * Finished epoch #  59     top1:  12.910  top5:   0.500
 * Finished epoch #  60     top1:  20.980  top5:   1.480
 * Finished epoch #  61     top1:  12.670  top5:   0.530
 * Finished epoch #  62     top1:  14.260  top5:   0.770
 * Finished epoch #  63     top1:  18.920  top5:   1.440
 * Finished epoch #  64     top1:  19.650  top5:   0.840
 * Finished epoch #  65     top1:  12.400  top5:   0.280
 * Finished epoch #  66     top1:  14.350  top5:   0.670
 * Finished epoch #  67     top1:  12.020  top5:   0.390
 * Finished epoch #  68     top1:  16.030  top5:   0.470
 * Finished epoch #  69     top1:  14.450  top5:   0.660
 * Finished epoch #  70     top1:  12.660  top5:   0.540
 * Finished epoch #  71     top1:  20.080  top5:   0.590
 * Finished epoch #  72     top1:  13.640  top5:   0.470
 * Finished epoch #  73     top1:  13.050  top5:   0.380
 * Finished epoch #  74     top1:  13.910  top5:   0.560
 * Finished epoch #  75     top1:  17.870  top5:   1.390
 * Finished epoch #  76     top1:  12.860  top5:   0.550
 * Finished epoch #  77     top1:  14.980  top5:   0.590
 * Finished epoch #  78     top1:  16.610  top5:   0.810
 * Finished epoch #  79     top1:  24.330  top5:   0.850
 * Finished epoch #  80     top1:  13.230  top5:   0.540
 * Finished epoch #  81     top1:  12.360  top5:   0.770
 * Finished epoch #  82     top1:  11.080  top5:   0.390
 * Finished epoch #  83     top1:  10.670  top5:   0.310
 * Finished epoch #  84     top1:  12.050  top5:   0.570
 * Finished epoch #  85     top1:  11.070  top5:   0.330
 * Finished epoch #  86     top1:  12.140  top5:   0.440
 * Finished epoch #  87     top1:  10.380  top5:   0.270
 * Finished epoch #  88     top1:  15.900  top5:   0.750
 * Finished epoch #  89     top1:  10.250  top5:   0.360
 * Finished epoch #  90     top1:  16.980  top5:   0.740
 * Finished epoch #  91     top1:  23.650  top5:   1.410
 * Finished epoch #  92     top1:   9.940  top5:   0.300
 * Finished epoch #  93     top1:  13.390  top5:   0.540
 * Finished epoch #  94     top1:  12.890  top5:   0.340
 * Finished epoch #  95     top1:  12.930  top5:   0.520
 * Finished epoch #  96     top1:  10.150  top5:   0.350
 * Finished epoch #  97     top1:  13.210  top5:   0.420
 * Finished epoch #  98     top1:  12.680  top5:   0.480
 * Finished epoch #  99     top1:  15.880  top5:   0.920
 * Finished epoch # 100     top1:   9.520  top5:   0.260
 * Finished epoch # 101     top1:  12.830  top5:   0.340
 * Finished epoch # 102     top1:  11.020  top5:   0.400
 * Finished epoch # 103     top1:  18.330  top5:   1.460
 * Finished epoch # 104     top1:  14.260  top5:   0.570
 * Finished epoch # 105     top1:  14.020  top5:   0.450
 * Finished epoch # 106     top1:  11.690  top5:   0.490
 * Finished epoch # 107     top1:  11.420  top5:   0.460
 * Finished epoch # 108     top1:  12.590  top5:   0.440
 * Finished epoch # 109     top1:  10.940  top5:   0.400
 * Finished epoch # 110     top1:  10.510  top5:   0.350
 * Finished epoch # 111     top1:  12.810  top5:   0.210
 * Finished epoch # 112     top1:  10.150  top5:   0.380
 * Finished epoch # 113     top1:  12.540  top5:   0.360
 * Finished epoch # 114     top1:  11.650  top5:   0.470
 * Finished epoch # 115     top1:  11.410  top5:   0.320
 * Finished epoch # 116     top1:   9.870  top5:   0.300
 * Finished epoch # 117     top1:  12.460  top5:   0.350
 * Finished epoch # 118     top1:  16.540  top5:   0.570
 * Finished epoch # 119     top1:  14.440  top5:   0.680
 * Finished epoch # 120     top1:  12.340  top5:   0.260
 * Finished epoch # 121     top1:  12.380  top5:   0.450
 * Finished epoch # 122     top1:  10.310  top5:   0.290
 * Finished epoch # 123     top1:  10.460  top5:   0.280
 * Finished epoch # 124     top1:  13.290  top5:   0.480
 * Finished epoch # 125     top1:   9.840  top5:   0.270
 * Finished epoch # 126     top1:  13.410  top5:   0.560
 * Finished epoch # 127     top1:  11.230  top5:   0.510
 * Finished epoch # 128     top1:   9.370  top5:   0.200
 * Finished epoch # 129     top1:  13.520  top5:   0.600
 * Finished epoch # 130     top1:  11.810  top5:   0.410
 * Finished epoch # 131     top1:  14.730  top5:   0.570
 * Finished epoch # 132     top1:  13.880  top5:   0.530
 * Finished epoch # 133     top1:  13.590  top5:   0.530
 * Finished epoch # 134     top1:  12.780  top5:   0.450
 * Finished epoch # 135     top1:  12.110  top5:   0.250
 * Finished epoch # 136     top1:  10.030  top5:   0.290
 * Finished epoch # 137     top1:  11.420  top5:   0.420
 * Finished epoch # 138     top1:  10.490  top5:   0.400
 * Finished epoch # 139     top1:   9.190  top5:   0.260
 * Finished epoch # 140     top1:  11.850  top5:   0.370
 * Finished epoch # 141     top1:  12.900  top5:   0.710
 * Finished epoch # 142     top1:   9.030  top5:   0.210
 * Finished epoch # 143     top1:  11.200  top5:   0.400
 * Finished epoch # 144     top1:  11.490  top5:   0.290
 * Finished epoch # 145     top1:  10.650  top5:   0.380
 * Finished epoch # 146     top1:  11.770  top5:   0.360
 * Finished epoch # 147     top1:  11.670  top5:   0.370
 * Finished epoch # 148     top1:  11.440  top5:   0.400
 * Finished epoch # 149     top1:   9.150  top5:   0.180
 * Finished epoch # 150     top1:   7.250  top5:   0.150
 * Finished epoch # 151     top1:   6.770  top5:   0.110
 * Finished epoch # 152     top1:   6.820  top5:   0.110
 * Finished epoch # 153     top1:   6.830  top5:   0.110
 * Finished epoch # 154     top1:   6.870  top5:   0.150
 * Finished epoch # 155     top1:   6.640  top5:   0.110
 * Finished epoch # 156     top1:   6.840  top5:   0.120
 * Finished epoch # 157     top1:   6.760  top5:   0.160
 * Finished epoch # 158     top1:   6.950  top5:   0.150
 * Finished epoch # 159     top1:   6.800  top5:   0.150
 * Finished epoch # 160     top1:   6.570  top5:   0.150
 * Finished epoch # 161     top1:   6.720  top5:   0.140
 * Finished epoch # 162     top1:   6.610  top5:   0.130
 * Finished epoch # 163     top1:   6.770  top5:   0.170
 * Finished epoch # 164     top1:   6.850  top5:   0.150
 * Finished epoch # 165     top1:   6.860  top5:   0.130
 * Finished epoch # 166     top1:   6.580  top5:   0.190
 * Finished epoch # 167     top1:   6.540  top5:   0.180
 * Finished epoch # 168     top1:   6.530  top5:   0.140
 * Finished epoch # 169     top1:   6.950  top5:   0.150
 * Finished epoch # 170     top1:   6.870  top5:   0.160
 * Finished epoch # 171     top1:   6.750  top5:   0.160
 * Finished epoch # 172     top1:   6.680  top5:   0.210
 * Finished epoch # 173     top1:   6.550  top5:   0.140
 * Finished epoch # 174     top1:   6.390  top5:   0.130
 * Finished epoch # 175     top1:   6.390  top5:   0.140
